Nov 10, 2014 7:06:14 PM log.ULogger <init>
INFO: Logger is ready.
Nov 10, 2014 7:06:14 PM log.ULogger info
INFO: Going to load tasks from data file.
Nov 10, 2014 7:06:14 PM log.ULogger info
INFO: Loading completed.
Nov 10, 2014 7:06:14 PM log.ULogger info
INFO: parse main function
Nov 10, 2014 7:06:14 PM log.ULogger info
INFO: entering show command
Nov 10, 2014 7:06:15 PM log.ULogger info
INFO: exit command
Nov 10, 2014 7:06:15 PM log.ULogger info
INFO: parse main function
Nov 10, 2014 7:06:15 PM log.ULogger info
INFO: entering show command
Nov 10, 2014 7:06:15 PM log.ULogger info
INFO: exit command
Nov 10, 2014 7:06:26 PM log.ULogger info
INFO: Processing user input: start parsing.
Nov 10, 2014 7:06:26 PM log.ULogger info
INFO: parse main function
Nov 10, 2014 7:06:26 PM log.ULogger info
INFO: entering add command
Nov 10, 2014 7:06:26 PM log.ULogger info
INFO: dealine task found
Nov 10, 2014 7:06:26 PM log.ULogger info
INFO: Done parsing. Executing command..
Nov 10, 2014 7:06:26 PM log.ULogger info
INFO: A deadline task added
Nov 10, 2014 7:06:26 PM log.ULogger info
INFO: Going to save tasks on hard disk
Nov 10, 2014 7:06:26 PM log.ULogger info
INFO: Saving complete.
Nov 10, 2014 7:06:26 PM log.ULogger info
INFO: parse main function
Nov 10, 2014 7:06:26 PM log.ULogger info
INFO: entering show command
Nov 10, 2014 7:06:26 PM log.ULogger info
INFO: exit command
Nov 10, 2014 7:06:28 PM log.ULogger info
INFO: parse main function
Nov 10, 2014 7:06:28 PM log.ULogger info
INFO: entering show command
Nov 10, 2014 7:06:28 PM log.ULogger info
INFO: exit command
Nov 10, 2014 7:06:33 PM log.ULogger info
INFO: Processing user input: start parsing.
Nov 10, 2014 7:06:33 PM log.ULogger info
INFO: parse main function
Nov 10, 2014 7:06:33 PM log.ULogger info
INFO: entering add command
Nov 10, 2014 7:06:33 PM log.ULogger info
INFO: fixed task found
Nov 10, 2014 7:06:33 PM log.ULogger info
INFO: Done parsing. Executing command..
Nov 10, 2014 7:06:33 PM log.ULogger info
INFO: A fixed task added
Nov 10, 2014 7:06:33 PM log.ULogger info
INFO: Going to save tasks on hard disk
Nov 10, 2014 7:06:33 PM log.ULogger info
INFO: Saving complete.
Nov 10, 2014 7:06:33 PM log.ULogger info
INFO: parse main function
Nov 10, 2014 7:06:33 PM log.ULogger info
INFO: entering show command
Nov 10, 2014 7:06:33 PM log.ULogger info
INFO: exit command
Nov 10, 2014 7:06:35 PM log.ULogger info
INFO: parse main function
Nov 10, 2014 7:06:35 PM log.ULogger info
INFO: entering show command
Nov 10, 2014 7:06:35 PM log.ULogger info
INFO: exit command
Nov 10, 2014 7:07:58 PM log.ULogger info
INFO: Processing user input: start parsing.
Nov 10, 2014 7:07:58 PM log.ULogger info
INFO: parse main function
Nov 10, 2014 7:07:58 PM log.ULogger info
INFO: entering add command
Nov 10, 2014 7:07:58 PM log.ULogger info
INFO: repeated task found
Nov 10, 2014 7:07:58 PM log.ULogger info
INFO: Done parsing. Executing command..
Nov 10, 2014 7:07:58 PM log.ULogger info
INFO: A repeated task added
Nov 10, 2014 7:07:58 PM log.ULogger info
INFO: Going to save tasks on hard disk
Nov 10, 2014 7:07:58 PM log.ULogger info
INFO: Saving complete.
Nov 10, 2014 7:07:58 PM log.ULogger info
INFO: parse main function
Nov 10, 2014 7:07:58 PM log.ULogger info
INFO: entering show command
Nov 10, 2014 7:07:58 PM log.ULogger info
INFO: exit command
Nov 10, 2014 7:08:00 PM log.ULogger info
INFO: parse main function
Nov 10, 2014 7:08:00 PM log.ULogger info
INFO: entering show command
Nov 10, 2014 7:08:00 PM log.ULogger info
INFO: exit command
Nov 10, 2014 7:08:16 PM log.ULogger info
INFO: Processing user input: start parsing.
Nov 10, 2014 7:08:16 PM log.ULogger info
INFO: parse main function
Nov 10, 2014 7:08:16 PM log.ULogger info
INFO: entering edit command
Nov 10, 2014 7:08:16 PM log.ULogger info
INFO: floating task found
Nov 10, 2014 7:08:16 PM log.ULogger info
INFO: exit command
Nov 10, 2014 7:08:16 PM log.ULogger info
INFO: Done parsing. Executing command..
Nov 10, 2014 7:08:16 PM log.ULogger info
INFO: Task description edited
Nov 10, 2014 7:08:16 PM log.ULogger info
INFO: Going to save tasks on hard disk
Nov 10, 2014 7:08:16 PM log.ULogger info
INFO: Saving complete.
Nov 10, 2014 7:08:16 PM log.ULogger info
INFO: parse main function
Nov 10, 2014 7:08:16 PM log.ULogger info
INFO: entering show command
Nov 10, 2014 7:08:16 PM log.ULogger info
INFO: exit command
Nov 10, 2014 7:08:17 PM log.ULogger info
INFO: parse main function
Nov 10, 2014 7:08:17 PM log.ULogger info
INFO: entering show command
Nov 10, 2014 7:08:17 PM log.ULogger info
INFO: exit command
Nov 10, 2014 7:08:22 PM log.ULogger info
INFO: Processing user input: start parsing.
Nov 10, 2014 7:08:22 PM log.ULogger info
INFO: parse main function
Nov 10, 2014 7:08:22 PM log.ULogger info
INFO: entering undo command
Nov 10, 2014 7:08:22 PM log.ULogger info
INFO: exit undo command
Nov 10, 2014 7:08:22 PM log.ULogger info
INFO: Done parsing. Executing command..
Nov 10, 2014 7:08:22 PM log.ULogger info
INFO: Deleted a task
Nov 10, 2014 7:08:22 PM log.ULogger info
INFO: task added
Nov 10, 2014 7:08:22 PM log.ULogger info
INFO: Operation undone: edit
Nov 10, 2014 7:08:22 PM log.ULogger info
INFO: Going to save tasks on hard disk
Nov 10, 2014 7:08:22 PM log.ULogger info
INFO: Saving complete.
Nov 10, 2014 7:08:22 PM log.ULogger info
INFO: parse main function
Nov 10, 2014 7:08:22 PM log.ULogger info
INFO: entering show command
Nov 10, 2014 7:08:22 PM log.ULogger info
INFO: exit command
Nov 10, 2014 7:08:24 PM log.ULogger info
INFO: parse main function
Nov 10, 2014 7:08:24 PM log.ULogger info
INFO: entering show command
Nov 10, 2014 7:08:24 PM log.ULogger info
INFO: exit command
Nov 10, 2014 7:08:27 PM log.ULogger info
INFO: Processing user input: start parsing.
Nov 10, 2014 7:08:27 PM log.ULogger info
INFO: parse main function
Nov 10, 2014 7:08:27 PM log.ULogger info
INFO: entering edit command
Nov 10, 2014 7:08:27 PM log.ULogger info
INFO: dealine task found
Nov 10, 2014 7:08:27 PM log.ULogger info
INFO: exit command
Nov 10, 2014 7:08:27 PM log.ULogger info
INFO: Done parsing. Executing command..
Nov 10, 2014 7:08:27 PM log.ULogger info
INFO: Task deadline edited
Nov 10, 2014 7:08:27 PM log.ULogger info
INFO: Going to save tasks on hard disk
Nov 10, 2014 7:08:27 PM log.ULogger info
INFO: Saving complete.
Nov 10, 2014 7:08:27 PM log.ULogger info
INFO: parse main function
Nov 10, 2014 7:08:27 PM log.ULogger info
INFO: entering show command
Nov 10, 2014 7:08:27 PM log.ULogger info
INFO: exit command
Nov 10, 2014 7:08:29 PM log.ULogger info
INFO: parse main function
Nov 10, 2014 7:08:29 PM log.ULogger info
INFO: entering show command
Nov 10, 2014 7:08:29 PM log.ULogger info
INFO: exit command
